packages/expo-notifications/android/build/intermediates/manifest_merge_blame_file/debug/manifest-merger-blame-debug-report.txt
1<?xml version="1.0" encoding="utf-8"?>
2<manifest xmlns:android="http://schemas.android.com/apk/res/android"
3    package="expo.modules.notifications" >
4
5    <uses-sdk android:minSdkVersion="21" />
5-->src/main/AndroidManifest.xml
6
7    <uses-permission android:name="android.permission.RECEIVE_BOOT_COMPLETED" />
7-->src/main/AndroidManifest.xml:2:3-79
7-->src/main/AndroidManifest.xml:2:20-76
8    <uses-permission android:name="android.permission.POST_NOTIFICATIONS" />
8-->src/main/AndroidManifest.xml:3:3-74
8-->src/main/AndroidManifest.xml:3:20-72
9
10    <application>
10-->src/main/AndroidManifest.xml:5:3-38:17
11        <service
11-->src/main/AndroidManifest.xml:6:5-12:15
12            android:name="expo.modules.notifications.service.ExpoFirebaseMessagingService"
12-->src/main/AndroidManifest.xml:7:7-59
13            android:exported="false" >
13-->src/main/AndroidManifest.xml:8:7-31
14            <intent-filter android:priority="-1" >
14-->src/main/AndroidManifest.xml:9:7-11:23
14-->src/main/AndroidManifest.xml:9:22-43
15                <action android:name="com.google.firebase.MESSAGING_EVENT" />
15-->src/main/AndroidManifest.xml:10:9-70
15-->src/main/AndroidManifest.xml:10:17-67
16            </intent-filter>
17        </service>
18
19        <receiver
19-->src/main/AndroidManifest.xml:14:5-28:16
20            android:name="expo.modules.notifications.service.NotificationsService"
20-->src/main/AndroidManifest.xml:15:7-51
21            android:enabled="true"
21-->src/main/AndroidManifest.xml:16:7-29
22            android:exported="false" >
22-->src/main/AndroidManifest.xml:17:7-31
23            <intent-filter android:priority="-1" >
23-->src/main/AndroidManifest.xml:18:7-27:23
23-->src/main/AndroidManifest.xml:18:22-43
24                <action android:name="expo.modules.notifications.NOTIFICATION_EVENT" />
24-->src/main/AndroidManifest.xml:19:9-80
24-->src/main/AndroidManifest.xml:19:17-77
25                <action android:name="android.intent.action.BOOT_COMPLETED" />
25-->src/main/AndroidManifest.xml:21:9-71
25-->src/main/AndroidManifest.xml:21:17-68
26                <action android:name="android.intent.action.REBOOT" />
26-->src/main/AndroidManifest.xml:22:9-63
26-->src/main/AndroidManifest.xml:22:17-60
27                <action android:name="android.intent.action.QUICKBOOT_POWERON" />
27-->src/main/AndroidManifest.xml:23:9-74
27-->src/main/AndroidManifest.xml:23:17-71
28                <action android:name="com.htc.intent.action.QUICKBOOT_POWERON" />
28-->src/main/AndroidManifest.xml:24:9-74
28-->src/main/AndroidManifest.xml:24:17-71
29                <action android:name="android.intent.action.MY_PACKAGE_REPLACED" />
29-->src/main/AndroidManifest.xml:26:9-76
29-->src/main/AndroidManifest.xml:26:17-73
30            </intent-filter>
31        </receiver>
32
33        <activity
33-->src/main/AndroidManifest.xml:30:5-37:9
34            android:name="expo.modules.notifications.service.NotificationForwarderActivity"
34-->src/main/AndroidManifest.xml:30:15-68
35            android:excludeFromRecents="true"
35-->src/main/AndroidManifest.xml:33:7-40
36            android:exported="false"
36-->src/main/AndroidManifest.xml:32:7-31
37            android:launchMode="standard"
37-->src/main/AndroidManifest.xml:35:7-36
38            android:noHistory="true"
38-->src/main/AndroidManifest.xml:34:7-31
39            android:taskAffinity=""
39-->src/main/AndroidManifest.xml:36:7-30
40            android:theme="@android:style/Theme.Translucent.NoTitleBar" />
40-->src/main/AndroidManifest.xml:31:7-66
41    </application>
42
43</manifest>